A98 = 1
C20 = 166
C95 = 33
E55 = 750
I33 = 882
I38 = 59
M30 = 942
O25 = 59
T32 = 883
T72 = 829
V93 = 132
W37 = 49

A55 = 264
B85 = 36
E97 = 204
F77 = 83
H48 = 52
I21 = 0
I63 = 768
K94 = 67
M90 = 0
O99 = 0
R81 = 6
R98 = 6
T83 = 210
V18 = 0
X96 = 139
Z76 = 564

D91 = 0
G15 = 1000
J49 = 167
J77 = 50
M40 = 0
N61 = 0
O55 = 0
O86 = 71
Q27 = 840
Q76 = 1020
U15 = 0
U75 = 0
U83 = 0
W50 = 0
W51 = 50
Y75 = 0
Z86 = 0

B74 = 2
B94 = 9
F36 = 0
G27 = 0
G37 = 0
G76 = 0
K19 = 650
L58 = 285
M23 = 0
M93 = 50
P44 = 294
Q22 = 0
Q27 = 0
R40 = 13
V10 = 0
W49 = 6
X18 = 0
X58 = 0
X98 = 0
Z39 = 0

A67 = 0
D31 = 250
F73 = 2
G58 = 40
G97 = 15
H65 = 50
I93 = 115
I97 = 660
P79 = 56
Q37 = 245
R12 = 101
R29 = 600
T97 = 0
U85 = 29
Y51 = 50

C85 = 253
D85 = 57
E63 = 16
E72 = 165
F48 = 56
F63 = 622
F81 = 0
H47 = 117
K75 = 199
L20 = 568
L45 = 129
M94 = 33
Q43 = 525
S33 = 835
T14 = 29
T66 = 0
W76 = 0
W99 = 0
Y30 = 55

E10 = 150
G24 = 92
H22 = 0
I97 = 0
K64 = 0
M94 = 1000
Q74 = 40
R18 = 9
X11 = 52
Y27 = 56
Z10 = 820
Z48 = 9
Z55 = 676
Z56 = 533

C78 = 54
D43 = 17
D47 = 433
D67 = 62
D83 = 58
E15 = 59
E47 = 214
E90 = 310
F57 = 947
G37 = 78
G68 = 31
H82 = 926
I28 = 447
J10 = 999
J62 = 3
J74 = 795
L21 = 1
L31 = 376
N76 = 75
N96 = 196
O88 = 126
O94 = 62
P51 = 864
U14 = 708
V99 = 585
W53 = 27
X54 = 179
X64 = 732
Y68 = 68
Z16 = 27

B45 = 552
C62 = 80
F24 = 0
G41 = 0
H93 = 1
I82 = 0
J17 = 0
K46 = 52
K96 = 1
L32 = 239
L52 = 0
L70 = 52
T80 = 0
V24 = 0
V98 = 0
W70 = 1
X73 = 0

B14 = 4
B69 = 874
I19 = 20
J23 = 33
K65 = 36
L44 = 908
M75 = 74
O31 = 5
O82 = 127
O94 = 788
R27 = 24
S17 = 70
V51 = 833
W39 = 107
X36 = 573

