2400000000000000
1673418579999067
660980200952639412
825614856716504964
620247983760006714
148143659130900
2326104772397764484
1545606356328000
160737769372464
692616188643846011
716178218458674048
8813601132956172
1567968988045253688
2612800193734553760
48409494378049350
726437566711484160
409379311654174080
19283112377943679
6546199293567274
4824862639422102180
705556109009099223
1631589263680639375
225963065212500
35944950286094400
903997310863024
97139555903105100
4165794312346048
1335260548577923422
1461084310209877840
469641603112290000
269664599018772078
11291184526860
208899363177449280
85358141795702792
5404131733534943376
29856010832191250
384314053212979452
629767776239616
5434278945267900
7724973263350002
219258018016252256
7450560947883768
3322496499104747160
1559656959130840878
1189518103103209380
127288070450441792
99282861669600
14543996697853952
1116163289803196712
3006978762473614496
37104077446046460
2217589917149125480
116887132500984000
349221036111220
2991562722712838736
7037072807133435507
1202660532601920
4944365210755881
66767766804794125
2093213287060555896
3047784072498
80862365674202100
2126450913903506
3003248784181933
565823379784647680
40207897968203434
1998946407946222080
9948316688088064
8470285706792100
734977715990135630
1141079496009119040
4931959935901584586
3164058307938549675
810163149864892992
3442227045710184900
563790571824591228
5650478161886216064
3382302781687987206
62915622652772352
929199879821368
355898099017592370
31981408109947968
38137764891600
3269497314379705866
1451865614205021300
2692821533644162920
143048555363674352
29799073129141952
3354095808112900
60015282679808
1044971384782094120
593755965722500
5468552011923264
1063018474904678370
4689665060079104
505848799357436
1181902419147558006
781257105026062210
864563910570892539
2363567998867380
9818673808566
4716217145978531160
2623504089088
2915398681041648830
948760943320728
146905144382602500
14918426497925646
20862813941473100
12436051284488987
3109955145881622102
1064757585812919086
18349678054713600
5373477962172687780
4164358532650725360
82476663141450816
9394198128532008
904427445905243
39455746471833453
32158064144254014
5623809830588618240
41880736174571946
881785731114946900
1130931834498
12228891849445190
85283563507500
5097942563376460
759526129695847200
3562287517589040
37003712592
2078806523674500
26783680281600
1182176858953101375
2432528318115807858
577286112790104912
2457423730822536
2434525202264464000
819375938151320576
2999676805650150432
15481689552
15154552117195850
26777772495303750
592567829629173760
726016798545057570
23771938448786
325081169675020224
93659134600566
5450937990851255994
1066546322079289632
4526433801255059
176689152736895832
132445204122744
3155462392641659685
6672814858123457032
3330474593930044480
349271125139001600
516709562211246768
204045193870848
220312019637561852
332662741797339136
8623913690030800
7230522382638981648
1438414481286776406
80553469422455036
22771791983339307
6755627501068131268
93322028883855750
12074238542009944
3506450598569538
2424261610762875840
2499100943846832000
82978462278011370
357211765049471522
2173527138853082736
633419166003877368
393143897328948432
13414881227220648
133686278653392
41059333601647200
318730023290087760
255808961073871488
2174767418816000
1683708126853272808
2500806408949806672
336048686643816
18444664730572150
2227762591748162456
218391975605020
7612355376789696
2365577413359619596
866445336441552716
6834517287605748
1685045467045189800
23666583704164920
1219398126341240380
359952947264999088
54530626781185100
3528932720024214
627418484218229418
489123820303100
28624721528925900
